<?xml version="1.0" encoding="UTF-8"?>
<!-- Generated by org.testng.reporters.JUnitReportReporter -->
<testsuite skipped="0" hostname="DESKTOP-K0CLN9C" name="com.nihlQAPOM.auto.testcases.healthCarePageTest" tests="1" failures="0" timestamp="25 Sep 2020 05:14:46 GMT" time="32.685" errors="0">
  <testcase name="enterhealthCareInformation" time="32.685" classname="com.nihlQAPOM.auto.testcases.healthCarePageTest"/>
</testsuite> <!-- com.nihlQAPOM.auto.testcases.healthCarePageTest -->
