<?xml version="1.0" encoding="UTF-8"?>
<!-- Generated by org.testng.reporters.JUnitReportReporter -->
<testsuite skipped="0" hostname="DESKTOP-K0CLN9C" name="com.nihlQAPOM.auto.testcases.supportingDocumentsPageTest" tests="1" failures="0" timestamp="27 Sep 2020 00:35:02 GMT" time="50.210" errors="0">
  <testcase name="uploadSupportingDocumentsTest" time="50.210" classname="com.nihlQAPOM.auto.testcases.supportingDocumentsPageTest"/>
</testsuite> <!-- com.nihlQAPOM.auto.testcases.supportingDocumentsPageTest -->
