<?xml version="1.0" encoding="UTF-8"?>
<!-- Generated by org.testng.reporters.JUnitReportReporter -->
<testsuite skipped="0" hostname="DESKTOP-K0CLN9C" name="com.nihlQAPOM.auto.testcases.e2eTest" tests="2" failures="0" timestamp="27 Sep 2020 20:53:49 GMT" time="58.006" errors="0">
  <testcase name="enterMyInformation" time="0.008" classname="com.nihlQAPOM.auto.testcases.e2eTest"/>
  <testcase name="enterMyInformation" time="57.998" classname="com.nihlQAPOM.auto.testcases.e2eTest"/>
</testsuite> <!-- com.nihlQAPOM.auto.testcases.e2eTest -->
