<?xml version="1.0" encoding="UTF-8"?>
<!-- Generated by org.testng.reporters.JUnitReportReporter -->
<testsuite skipped="0" hostname="DESKTOP-K0CLN9C" name="com.nihlQAPOM.auto.testcases.employmentDetailsPageTest" tests="1" failures="0" timestamp="27 Sep 2020 00:16:12 GMT" time="44.746" errors="0">
  <testcase name="enterEmploymentInformation" time="44.746" classname="com.nihlQAPOM.auto.testcases.employmentDetailsPageTest"/>
</testsuite> <!-- com.nihlQAPOM.auto.testcases.employmentDetailsPageTest -->
