<?xml version="1.0" encoding="UTF-8"?>
<!-- Generated by org.testng.reporters.JUnitReportReporter -->
<testsuite skipped="0" hostname="DESKTOP-K0CLN9C" name="com.nihlQAPOM.auto.testcases.signupPageTest" tests="2" failures="0" timestamp="25 Sep 2020 03:42:20 GMT" time="31.241" errors="0">
  <testcase name="teardown" time="9.244" classname="com.nihlQAPOM.auto.testcases.signupPageTest"/>
  <testcase name="signUpforClaim" time="21.997" classname="com.nihlQAPOM.auto.testcases.signupPageTest"/>
</testsuite> <!-- com.nihlQAPOM.auto.testcases.signupPageTest -->
