<?xml version="1.0" encoding="UTF-8"?>
<!-- Generated by org.testng.reporters.JUnitReportReporter -->
<testsuite skipped="0" hostname="DESKTOP-K0CLN9C" name="com.nihlQAPOM.auto.testcases.reviewPageTest" tests="1" failures="0" timestamp="27 Sep 2020 01:22:39 GMT" time="56.256" errors="0">
  <testcase name="reviewPageTest1" time="56.256" classname="com.nihlQAPOM.auto.testcases.reviewPageTest"/>
</testsuite> <!-- com.nihlQAPOM.auto.testcases.reviewPageTest -->
