<?xml version="1.0" encoding="UTF-8"?>
<!-- Generated by org.testng.reporters.JUnitReportReporter -->
<testsuite skipped="0" hostname="DESKTOP-K0CLN9C" name="com.nihlQAPOM.auto.testcases.myInformationPageTest" tests="1" failures="0" timestamp="25 Sep 2020 03:46:23 GMT" time="23.795" errors="0">
  <testcase name="enterMyInformation" time="23.795" classname="com.nihlQAPOM.auto.testcases.myInformationPageTest"/>
</testsuite> <!-- com.nihlQAPOM.auto.testcases.myInformationPageTest -->
